Added Component: Designator=*1(PIN_HEADER)
Add component. Clean all parameters for all variants
Added Component: Designator=*2(POWER_HEADER)
Add component. Clean all parameters for all variants
Added Component: Designator=*3(SIWITCH)
Add component. Clean all parameters for all variants
Added Component: Designator=*4(WATER_HEADER)
Add component. Clean all parameters for all variants
Added Component: Designator=*5(A4950)
Add component. Clean all parameters for all variants
Added Component: Designator=*6(A4950)
Add component. Clean all parameters for all variants
Added Component: Designator=*7(A4950)
Add component. Clean all parameters for all variants
Added Component: Designator=*8(A4950)
Add component. Clean all parameters for all variants
Added Component: Designator=*9(POWER)
Add component. Clean all parameters for all variants
Added Component: Designator=*10(HC-06)
Add component. Clean all parameters for all variants
Added Component: Designator=*11(DC-DC)
Add component. Clean all parameters for all variants
Added Component: Designator=*12(ENCODER2)
Add component. Clean all parameters for all variants
Added Component: Designator=*13(ENCODER2)
Add component. Clean all parameters for all variants
Added Component: Designator=*14(ENCODER2)
Add component. Clean all parameters for all variants
Added Component: Designator=*15(ENCODER1)
Add component. Clean all parameters for all variants
Added Component: Designator=*16(ENCODER1)
Add component. Clean all parameters for all variants
Added Component: Designator=*17(ENCODER1)
Add component. Clean all parameters for all variants
Added Component: Designator=*18(POWER)
Add component. Clean all parameters for all variants
Added Component: Designator=*19(STM32F407×ó)
Add component. Clean all parameters for all variants
Added Component: Designator=*20(STM32F407×ó)
Add component. Clean all parameters for all variants
Added Component: Designator=*21(PWM)
Add component. Clean all parameters for all variants
Added Component: Designator=*22(STM32F401CCU6)
Add component. Clean all parameters for all variants
Added Component: Designator=*23(ESP)
Add component. Clean all parameters for all variants
Added Component: Designator=*24(PWM)
Add component. Clean all parameters for all variants
Added Component: Designator=*25(PWM)
Add component. Clean all parameters for all variants
Added Pin To Net: NetName=H1 Pin=*1-1
Added Pin To Net: NetName=H2 Pin=*1-2
Added Pin To Net: NetName=H3 Pin=*1-3
Added Pin To Net: NetName=H4 Pin=*1-4
Added Pin To Net: NetName=H5 Pin=*1-5
Added Pin To Net: NetName=H6 Pin=*1-6
Added Pin To Net: NetName=H7 Pin=*1-7
Added Pin To Net: NetName=H8 Pin=*1-8
Added Pin To Net: NetName=H9 Pin=*1-9
Added Pin To Net: NetName=H10 Pin=*1-10
Added Pin To Net: NetName=5V Pin=*2-1
Added Pin To Net: NetName=5V Pin=*2-2
Added Pin To Net: NetName=3V3 Pin=*2-3
Added Pin To Net: NetName=3V3 Pin=*2-4
Added Pin To Net: NetName=GND Pin=*2-5
Added Pin To Net: NetName=GND Pin=*2-6
Added Pin To Net: NetName=GND Pin=*2-7
Added Pin To Net: NetName=GND Pin=*2-8
Added Pin To Net: NetName=12V_IN Pin=*3-1
Added Pin To Net: NetName=12V Pin=*3-2
Added Pin To Net: NetName=GND Pin=*3-3
Added Pin To Net: NetName=GND Pin=*3-4
Added Pin To Net: NetName=GND Pin=*3-5
Added Pin To Net: NetName=GND Pin=*3-6
Added Pin To Net: NetName=WATERO1 Pin=*4-1
Added Pin To Net: NetName=WATERO2 Pin=*4-2
Added Pin To Net: NetName=GND Pin=*5-1
Added Pin To Net: NetName=12V Pin=*5-2
Added Pin To Net: NetName=5V Pin=*5-3
Added Pin To Net: NetName=M11 Pin=*5-4
Added Pin To Net: NetName=M12 Pin=*5-5
Added Pin To Net: NetName=MO21 Pin=*5-6
Added Pin To Net: NetName=MO22 Pin=*5-7
Added Pin To Net: NetName=MO11 Pin=*5-8
Added Pin To Net: NetName=MO12 Pin=*5-9
Added Pin To Net: NetName=M21 Pin=*5-10
Added Pin To Net: NetName=M22 Pin=*5-11
Added Pin To Net: NetName=5V Pin=*5-12
Added Pin To Net: NetName=12V Pin=*5-13
Added Pin To Net: NetName=GND Pin=*5-14
Added Pin To Net: NetName=GND Pin=*6-1
Added Pin To Net: NetName=12V Pin=*6-2
Added Pin To Net: NetName=5V Pin=*6-3
Added Pin To Net: NetName=M31 Pin=*6-4
Added Pin To Net: NetName=M32 Pin=*6-5
Added Pin To Net: NetName=MO41 Pin=*6-6
Added Pin To Net: NetName=MO42 Pin=*6-7
Added Pin To Net: NetName=MO31 Pin=*6-8
Added Pin To Net: NetName=MO32 Pin=*6-9
Added Pin To Net: NetName=M41 Pin=*6-10
Added Pin To Net: NetName=M42 Pin=*6-11
Added Pin To Net: NetName=5V Pin=*6-12
Added Pin To Net: NetName=12V Pin=*6-13
Added Pin To Net: NetName=GND Pin=*6-14
Added Pin To Net: NetName=GND Pin=*7-1
Added Pin To Net: NetName=12V Pin=*7-2
Added Pin To Net: NetName=5V Pin=*7-3
Added Pin To Net: NetName=M51 Pin=*7-4
Added Pin To Net: NetName=M52 Pin=*7-5
Added Pin To Net: NetName=MO61 Pin=*7-6
Added Pin To Net: NetName=MO62 Pin=*7-7
Added Pin To Net: NetName=MO51 Pin=*7-8
Added Pin To Net: NetName=MO52 Pin=*7-9
Added Pin To Net: NetName=M61 Pin=*7-10
Added Pin To Net: NetName=M62 Pin=*7-11
Added Pin To Net: NetName=5V Pin=*7-12
Added Pin To Net: NetName=12V Pin=*7-13
Added Pin To Net: NetName=GND Pin=*7-14
Added Pin To Net: NetName=GND Pin=*8-1
Added Pin To Net: NetName=12V Pin=*8-2
Added Pin To Net: NetName=5V Pin=*8-3
Added Pin To Net: NetName=WATER1 Pin=*8-4
Added Pin To Net: NetName=WATER2 Pin=*8-5
Added Pin To Net: NetName=WATERO1 Pin=*8-8
Added Pin To Net: NetName=WATERO2 Pin=*8-9
Added Pin To Net: NetName=5V Pin=*8-12
Added Pin To Net: NetName=12V Pin=*8-13
Added Pin To Net: NetName=GND Pin=*8-14
Added Pin To Net: NetName=12V_IN Pin=*9-1
Added Pin To Net: NetName=GND Pin=*9-2
Added Pin To Net: NetName=HR Pin=*10-1
Added Pin To Net: NetName=HT Pin=*10-2
Added Pin To Net: NetName=GND Pin=*10-3
Added Pin To Net: NetName=5V Pin=*10-4
Added Pin To Net: NetName=12V Pin=*11-1
Added Pin To Net: NetName=12V Pin=*11-2
Added Pin To Net: NetName=GND Pin=*11-3
Added Pin To Net: NetName=GND Pin=*11-4
Added Pin To Net: NetName=5V Pin=*11-5
Added Pin To Net: NetName=MO41 Pin=*12-1
Added Pin To Net: NetName=GND Pin=*12-2
Added Pin To Net: NetName=EN4B Pin=*12-3
Added Pin To Net: NetName=EN4A Pin=*12-4
Added Pin To Net: NetName=5V Pin=*12-5
Added Pin To Net: NetName=MO42 Pin=*12-6
Added Pin To Net: NetName=MO51 Pin=*13-1
Added Pin To Net: NetName=GND Pin=*13-2
Added Pin To Net: NetName=EN5B Pin=*13-3
Added Pin To Net: NetName=EN5A Pin=*13-4
Added Pin To Net: NetName=5V Pin=*13-5
Added Pin To Net: NetName=MO52 Pin=*13-6
Added Pin To Net: NetName=MO61 Pin=*14-1
Added Pin To Net: NetName=GND Pin=*14-2
Added Pin To Net: NetName=EN6B Pin=*14-3
Added Pin To Net: NetName=EN6A Pin=*14-4
Added Pin To Net: NetName=5V Pin=*14-5
Added Pin To Net: NetName=MO62 Pin=*14-6
Added Pin To Net: NetName=MO11 Pin=*15-1
Added Pin To Net: NetName=GND Pin=*15-2
Added Pin To Net: NetName=EN1B Pin=*15-3
Added Pin To Net: NetName=EN1A Pin=*15-4
Added Pin To Net: NetName=5V Pin=*15-5
Added Pin To Net: NetName=MO12 Pin=*15-6
Added Pin To Net: NetName=MO21 Pin=*16-1
Added Pin To Net: NetName=GND Pin=*16-2
Added Pin To Net: NetName=EN2B Pin=*16-3
Added Pin To Net: NetName=EN2A Pin=*16-4
Added Pin To Net: NetName=5V Pin=*16-5
Added Pin To Net: NetName=MO22 Pin=*16-6
Added Pin To Net: NetName=MO31 Pin=*17-1
Added Pin To Net: NetName=GND Pin=*17-2
Added Pin To Net: NetName=EN3B Pin=*17-3
Added Pin To Net: NetName=EN3A Pin=*17-4
Added Pin To Net: NetName=5V Pin=*17-5
Added Pin To Net: NetName=MO32 Pin=*17-6
Added Pin To Net: NetName=3V3 Pin=*19-1
Added Pin To Net: NetName=GND Pin=*19-2
Added Pin To Net: NetName=GND Pin=*19-3
Added Pin To Net: NetName=EN1B Pin=*19-5
Added Pin To Net: NetName=HR Pin=*19-7
Added Pin To Net: NetName=EN5B Pin=*19-14
Added Pin To Net: NetName=ESPT Pin=*19-16
Added Pin To Net: NetName=EN6B Pin=*19-17
Added Pin To Net: NetName=WATER1 Pin=*19-21
Added Pin To Net: NetName=3V3 Pin=*19-23
Added Pin To Net: NetName=GND Pin=*19-24
Added Pin To Net: NetName=GND Pin=*19-25
Added Pin To Net: NetName=HT Pin=*19-28
Added Pin To Net: NetName=EN4A Pin=*19-31
Added Pin To Net: NetName=EN4B Pin=*19-32
Added Pin To Net: NetName=EN5A Pin=*19-36
Added Pin To Net: NetName=ESPR Pin=*19-38
Added Pin To Net: NetName=EN6A Pin=*19-39
Added Pin To Net: NetName=WATER2 Pin=*19-42
Added Pin To Net: NetName=GND Pin=*19-45
Added Pin To Net: NetName=GND Pin=*19-46
Added Pin To Net: NetName=GND Pin=*19-47
Added Pin To Net: NetName=GND Pin=*19-48
Added Pin To Net: NetName=GND Pin=*19-49
Added Pin To Net: NetName=GND Pin=*19-50
Added Pin To Net: NetName=5V Pin=*20-1
Added Pin To Net: NetName=3V3 Pin=*20-2
Added Pin To Net: NetName=GND Pin=*20-3
Added Pin To Net: NetName=EN2A Pin=*20-6
Added Pin To Net: NetName=401T Pin=*20-11
Added Pin To Net: NetName=H1 Pin=*20-13
Added Pin To Net: NetName=H2 Pin=*20-14
Added Pin To Net: NetName=H3 Pin=*20-15
Added Pin To Net: NetName=H4 Pin=*20-16
Added Pin To Net: NetName=H5 Pin=*20-17
Added Pin To Net: NetName=H6 Pin=*20-18
Added Pin To Net: NetName=H7 Pin=*20-19
Added Pin To Net: NetName=H8 Pin=*20-20
Added Pin To Net: NetName=H9 Pin=*20-21
Added Pin To Net: NetName=H10 Pin=*20-22
Added Pin To Net: NetName=5V Pin=*20-23
Added Pin To Net: NetName=3V3 Pin=*20-24
Added Pin To Net: NetName=GND Pin=*20-25
Added Pin To Net: NetName=EN1A Pin=*20-26
Added Pin To Net: NetName=EN2B Pin=*20-29
Added Pin To Net: NetName=401R Pin=*20-33
Added Pin To Net: NetName=EN3A Pin=*20-35
Added Pin To Net: NetName=EN3B Pin=*20-41
Added Pin To Net: NetName=GND Pin=*20-45
Added Pin To Net: NetName=GND Pin=*20-46
Added Pin To Net: NetName=GND Pin=*20-47
Added Pin To Net: NetName=GND Pin=*20-48
Added Pin To Net: NetName=GND Pin=*20-49
Added Pin To Net: NetName=GND Pin=*20-50
Added Pin To Net: NetName=GND Pin=*21-1
Added Pin To Net: NetName=5V Pin=*21-2
Added Pin To Net: NetName=PWM1 Pin=*21-3
Added Pin To Net: NetName=M11 Pin=*22-6
Added Pin To Net: NetName=M12 Pin=*22-7
Added Pin To Net: NetName=M21 Pin=*22-8
Added Pin To Net: NetName=M22 Pin=*22-9
Added Pin To Net: NetName=M31 Pin=*22-12
Added Pin To Net: NetName=M32 Pin=*22-13
Added Pin To Net: NetName=M41 Pin=*22-14
Added Pin To Net: NetName=M42 Pin=*22-15
Added Pin To Net: NetName=GND Pin=*22-18
Added Pin To Net: NetName=5V Pin=*22-19
Added Pin To Net: NetName=GND Pin=*22-20
Added Pin To Net: NetName=M51 Pin=*22-21
Added Pin To Net: NetName=M52 Pin=*22-22
Added Pin To Net: NetName=M61 Pin=*22-23
Added Pin To Net: NetName=M62 Pin=*22-24
Added Pin To Net: NetName=401R Pin=*22-31
Added Pin To Net: NetName=401T Pin=*22-32
Added Pin To Net: NetName=GND Pin=*22-38
Added Pin To Net: NetName=3V3 Pin=*22-39
Added Pin To Net: NetName=GND Pin=*22-40
Added Pin To Net: NetName=GND Pin=*23-2
Added Pin To Net: NetName=GND Pin=*23-10
Added Pin To Net: NetName=3V3 Pin=*23-11
Added Pin To Net: NetName=GND Pin=*23-14
Added Pin To Net: NetName=5V Pin=*23-15
Added Pin To Net: NetName=PWM1 Pin=*23-17
Added Pin To Net: NetName=PWM2 Pin=*23-18
Added Pin To Net: NetName=PWM3 Pin=*23-19
Added Pin To Net: NetName=GND Pin=*23-22
Added Pin To Net: NetName=ESPR Pin=*23-27
Added Pin To Net: NetName=ESPT Pin=*23-28
Added Pin To Net: NetName=GND Pin=*23-29
Added Pin To Net: NetName=GND Pin=*24-1
Added Pin To Net: NetName=5V Pin=*24-2
Added Pin To Net: NetName=PWM2 Pin=*24-3
Added Pin To Net: NetName=GND Pin=*25-1
Added Pin To Net: NetName=5V Pin=*25-2
Added Pin To Net: NetName=PWM3 Pin=*25-3
Added Member To Class: ClassName=Sheet1 Member=Component *1 PIN_HEADER
Added Member To Class: ClassName=Sheet1 Member=Component *2 POWER_HEADER
Added Member To Class: ClassName=Sheet1 Member=Component *3 SWITCH
Added Member To Class: ClassName=Sheet1 Member=Component *4 WATER_MOTER
Added Member To Class: ClassName=Sheet1 Member=Component *5 A4950
Added Member To Class: ClassName=Sheet1 Member=Component *6 A4950
Added Member To Class: ClassName=Sheet1 Member=Component *7 A4950
Added Member To Class: ClassName=Sheet1 Member=Component *8 A4950
Added Member To Class: ClassName=Sheet1 Member=Component *9 POWER
Added Member To Class: ClassName=Sheet1 Member=Component *10 HC-06
Added Member To Class: ClassName=Sheet1 Member=Component *11 DC-DC
Added Member To Class: ClassName=Sheet1 Member=Component *12 ENCODER4
Added Member To Class: ClassName=Sheet1 Member=Component *13 ENCODER5
Added Member To Class: ClassName=Sheet1 Member=Component *14 ENCODER6
Added Member To Class: ClassName=Sheet1 Member=Component *15 ENCODER1
Added Member To Class: ClassName=Sheet1 Member=Component *16 ENCODER2
Added Member To Class: ClassName=Sheet1 Member=Component *17 ENCODER3
Added Member To Class: ClassName=Sheet1 Member=Component *18 POWER
Added Member To Class: ClassName=Sheet1 Member=Component *19 STM32F407ÓÒ
Added Member To Class: ClassName=Sheet1 Member=Component *20 STM32F407×ó
Added Member To Class: ClassName=Sheet1 Member=Component *21 PWM1
Added Member To Class: ClassName=Sheet1 Member=Component *22 STM32F401
Added Member To Class: ClassName=Sheet1 Member=Component *23 ESP8266
Added Member To Class: ClassName=Sheet1 Member=Component *24 PWM2
Added Member To Class: ClassName=Sheet1 Member=Component *25 PWM3
Added Room: Name=Sheet1
