Change Component Designator: OldDesignator= NewDesignator=*1
Change Component Designator: OldDesignator= NewDesignator=*2
Change Component Designator: OldDesignator=407L NewDesignator=*20
Change Component Designator: OldDesignator=407R NewDesignator=*19
Change Component Designator: OldDesignator=A49501 NewDesignator=*5
Change Component Designator: OldDesignator=A49502 NewDesignator=*6
Change Component Designator: OldDesignator=A49503 NewDesignator=*7
Change Component Designator: OldDesignator=A49504 NewDesignator=*8
Change Component Designator: OldDesignator=BlUETOOTH NewDesignator=*10
Change Component Designator: OldDesignator=DC-DC NewDesignator=*11
Change Component Designator: OldDesignator=ESP8266 NewDesignator=*23
Change Component Designator: OldDesignator=F401 NewDesignator=*22
Change Component Designator: OldDesignator=M1 NewDesignator=*15
Change Component Designator: OldDesignator=M2 NewDesignator=*16
Change Component Designator: OldDesignator=M3 NewDesignator=*17
Change Component Designator: OldDesignator=M4 NewDesignator=*12
Change Component Designator: OldDesignator=M5 NewDesignator=*13
Change Component Designator: OldDesignator=M6 NewDesignator=*14
Change Component Designator: OldDesignator=POWER NewDesignator=*9
Change Component Designator: OldDesignator=PWM1 NewDesignator=*21
Change Component Designator: OldDesignator=PWM2 NewDesignator=*24
Change Component Designator: OldDesignator=PWM3 NewDesignator=*25
Change Component Designator: OldDesignator=SWITCH NewDesignator=*3
Change Component Designator: OldDesignator=WATEAR NewDesignator=*4
Added Component: Designator=*?(A4950)
Add component. Clean all parameters for all variants
Added Component: Designator=*?(A4950)
Add component. Clean all parameters for all variants
Added Component: Designator=*?(DC-DC)
Add component. Clean all parameters for all variants
Added Component: Designator=*?(ENCODER1)
Add component. Clean all parameters for all variants
Added Component: Designator=*?(ENCODER2)
Add component. Clean all parameters for all variants
Added Component: Designator=*?(A4950)
Add component. Clean all parameters for all variants
Added Component: Designator=*?(ENCODER2)
Add component. Clean all parameters for all variants
Added Component: Designator=*?(PWM)
Add component. Clean all parameters for all variants
Added Component: Designator=*?(A4950)
Add component. Clean all parameters for all variants
Added Component: Designator=*?(PWM)
Add component. Clean all parameters for all variants
Added Component: Designator=*?(HC-06)
Add component. Clean all parameters for all variants
Added Component: Designator=*?(ENCODER2)
Add component. Clean all parameters for all variants
Added Component: Designator=*?(PWM)
Add component. Clean all parameters for all variants
Added Component: Designator=*?(SIWITCH)
Add component. Clean all parameters for all variants
Added Component: Designator=*?(POWER_HEADER)
Add component. Clean all parameters for all variants
Added Component: Designator=*?(POWER)
Add component. Clean all parameters for all variants
Added Component: Designator=*?(WATER_HEADER)
Add component. Clean all parameters for all variants
Added Component: Designator=*?(PIN_HEADER)
Add component. Clean all parameters for all variants
Added Component: Designator=*?(ENCODER1)
Add component. Clean all parameters for all variants
Added Component: Designator=*?(STM32F401CCU6)
Add component. Clean all parameters for all variants
Added Component: Designator=*?(STM32F407×ó)
Add component. Clean all parameters for all variants
Added Component: Designator=*?(STM32F407×ó)
Add component. Clean all parameters for all variants
Added Component: Designator=*?(ESP)
Add component. Clean all parameters for all variants
Added Component: Designator=*?(ENCODER1)
Add component. Clean all parameters for all variants
Added Pin To Net: NetName=3V3 Pin=*?-1
Added Pin To Net: NetName=5V Pin=*?-1
Added Pin To Net: NetName=5V Pin=*?-1
Added Pin To Net: NetName=12V_IN Pin=*?-1
Added Pin To Net: NetName=12V_IN Pin=*?-1
Added Pin To Net: NetName=12V Pin=*?-1
Added Pin To Net: NetName=GND Pin=*?-1
Added Pin To Net: NetName=GND Pin=*?-1
Added Pin To Net: NetName=GND Pin=*?-1
Added Pin To Net: NetName=GND Pin=*?-1
Added Pin To Net: NetName=GND Pin=*?-1
Added Pin To Net: NetName=GND Pin=*?-1
Added Pin To Net: NetName=GND Pin=*?-1
Added Pin To Net: NetName=H1 Pin=*?-1
Added Pin To Net: NetName=HR Pin=*?-1
Added Pin To Net: NetName=MO11 Pin=*?-1
Added Pin To Net: NetName=MO21 Pin=*?-1
Added Pin To Net: NetName=MO31 Pin=*?-1
Added Pin To Net: NetName=MO41 Pin=*?-1
Added Pin To Net: NetName=MO51 Pin=*?-1
Added Pin To Net: NetName=MO61 Pin=*?-1
Added Pin To Net: NetName=WATERO1 Pin=*?-1
Added Pin To Net: NetName=3V3 Pin=*?-2
Added Pin To Net: NetName=5V Pin=*?-2
Added Pin To Net: NetName=5V Pin=*?-2
Added Pin To Net: NetName=5V Pin=*?-2
Added Pin To Net: NetName=5V Pin=*?-2
Added Pin To Net: NetName=12V Pin=*?-2
Added Pin To Net: NetName=12V Pin=*?-2
Added Pin To Net: NetName=12V Pin=*?-2
Added Pin To Net: NetName=12V Pin=*?-2
Added Pin To Net: NetName=12V Pin=*?-2
Added Pin To Net: NetName=12V Pin=*?-2
Added Pin To Net: NetName=GND Pin=*?-2
Added Pin To Net: NetName=GND Pin=*?-2
Added Pin To Net: NetName=GND Pin=*?-2
Added Pin To Net: NetName=GND Pin=*?-2
Added Pin To Net: NetName=GND Pin=*?-2
Added Pin To Net: NetName=GND Pin=*?-2
Added Pin To Net: NetName=GND Pin=*?-2
Added Pin To Net: NetName=GND Pin=*?-2
Added Pin To Net: NetName=GND Pin=*?-2
Added Pin To Net: NetName=H2 Pin=*?-2
Added Pin To Net: NetName=HT Pin=*?-2
Added Pin To Net: NetName=WATERO2 Pin=*?-2
Added Pin To Net: NetName=3V3 Pin=*?-3
Added Pin To Net: NetName=5V Pin=*?-3
Added Pin To Net: NetName=5V Pin=*?-3
Added Pin To Net: NetName=5V Pin=*?-3
Added Pin To Net: NetName=5V Pin=*?-3
Added Pin To Net: NetName=EN1B Pin=*?-3
Added Pin To Net: NetName=EN2B Pin=*?-3
Added Pin To Net: NetName=EN3B Pin=*?-3
Added Pin To Net: NetName=EN4B Pin=*?-3
Added Pin To Net: NetName=EN5B Pin=*?-3
Added Pin To Net: NetName=EN6B Pin=*?-3
Added Pin To Net: NetName=GND Pin=*?-3
Added Pin To Net: NetName=GND Pin=*?-3
Added Pin To Net: NetName=GND Pin=*?-3
Added Pin To Net: NetName=GND Pin=*?-3
Added Pin To Net: NetName=GND Pin=*?-3
Added Pin To Net: NetName=H3 Pin=*?-3
Added Pin To Net: NetName=PWM1 Pin=*?-3
Added Pin To Net: NetName=PWM2 Pin=*?-3
Added Pin To Net: NetName=PWM3 Pin=*?-3
Added Pin To Net: NetName=3V3 Pin=*?-4
Added Pin To Net: NetName=5V Pin=*?-4
Added Pin To Net: NetName=EN1A Pin=*?-4
Added Pin To Net: NetName=EN2A Pin=*?-4
Added Pin To Net: NetName=EN3A Pin=*?-4
Added Pin To Net: NetName=EN4A Pin=*?-4
Added Pin To Net: NetName=EN5A Pin=*?-4
Added Pin To Net: NetName=EN6A Pin=*?-4
Added Pin To Net: NetName=GND Pin=*?-4
Added Pin To Net: NetName=GND Pin=*?-4
Added Pin To Net: NetName=H4 Pin=*?-4
Added Pin To Net: NetName=M11 Pin=*?-4
Added Pin To Net: NetName=M31 Pin=*?-4
Added Pin To Net: NetName=M51 Pin=*?-4
Added Pin To Net: NetName=WATER1 Pin=*?-4
Added Pin To Net: NetName=5V Pin=*?-5
Added Pin To Net: NetName=5V Pin=*?-5
Added Pin To Net: NetName=5V Pin=*?-5
Added Pin To Net: NetName=5V Pin=*?-5
Added Pin To Net: NetName=5V Pin=*?-5
Added Pin To Net: NetName=5V Pin=*?-5
Added Pin To Net: NetName=5V Pin=*?-5
Added Pin To Net: NetName=EN1B Pin=*?-5
Added Pin To Net: NetName=GND Pin=*?-5
Added Pin To Net: NetName=GND Pin=*?-5
Added Pin To Net: NetName=H5 Pin=*?-5
Added Pin To Net: NetName=M12 Pin=*?-5
Added Pin To Net: NetName=M32 Pin=*?-5
Added Pin To Net: NetName=M52 Pin=*?-5
Added Pin To Net: NetName=WATER2 Pin=*?-5
Added Pin To Net: NetName=EN2A Pin=*?-6
Added Pin To Net: NetName=GND Pin=*?-6
Added Pin To Net: NetName=GND Pin=*?-6
Added Pin To Net: NetName=H6 Pin=*?-6
Added Pin To Net: NetName=M11 Pin=*?-6
Added Pin To Net: NetName=MO12 Pin=*?-6
Added Pin To Net: NetName=MO21 Pin=*?-6
Added Pin To Net: NetName=MO22 Pin=*?-6
Added Pin To Net: NetName=MO32 Pin=*?-6
Added Pin To Net: NetName=MO41 Pin=*?-6
Added Pin To Net: NetName=MO42 Pin=*?-6
Added Pin To Net: NetName=MO52 Pin=*?-6
Added Pin To Net: NetName=MO61 Pin=*?-6
Added Pin To Net: NetName=MO62 Pin=*?-6
Added Pin To Net: NetName=GND Pin=*?-7
Added Pin To Net: NetName=H7 Pin=*?-7
Added Pin To Net: NetName=HR Pin=*?-7
Added Pin To Net: NetName=M12 Pin=*?-7
Added Pin To Net: NetName=MO22 Pin=*?-7
Added Pin To Net: NetName=MO42 Pin=*?-7
Added Pin To Net: NetName=MO62 Pin=*?-7
Added Pin To Net: NetName=GND Pin=*?-8
Added Pin To Net: NetName=H8 Pin=*?-8
Added Pin To Net: NetName=M21 Pin=*?-8
Added Pin To Net: NetName=MO11 Pin=*?-8
Added Pin To Net: NetName=MO31 Pin=*?-8
Added Pin To Net: NetName=MO51 Pin=*?-8
Added Pin To Net: NetName=WATERO1 Pin=*?-8
Added Pin To Net: NetName=H9 Pin=*?-9
Added Pin To Net: NetName=M22 Pin=*?-9
Added Pin To Net: NetName=MO12 Pin=*?-9
Added Pin To Net: NetName=MO32 Pin=*?-9
Added Pin To Net: NetName=MO52 Pin=*?-9
Added Pin To Net: NetName=WATERO2 Pin=*?-9
Added Pin To Net: NetName=GND Pin=*?-10
Added Pin To Net: NetName=H10 Pin=*?-10
Added Pin To Net: NetName=M21 Pin=*?-10
Added Pin To Net: NetName=M41 Pin=*?-10
Added Pin To Net: NetName=M61 Pin=*?-10
Added Pin To Net: NetName=3V3 Pin=*?-11
Added Pin To Net: NetName=401T Pin=*?-11
Added Pin To Net: NetName=M22 Pin=*?-11
Added Pin To Net: NetName=M42 Pin=*?-11
Added Pin To Net: NetName=M62 Pin=*?-11
Added Pin To Net: NetName=5V Pin=*?-12
Added Pin To Net: NetName=5V Pin=*?-12
Added Pin To Net: NetName=5V Pin=*?-12
Added Pin To Net: NetName=5V Pin=*?-12
Added Pin To Net: NetName=M31 Pin=*?-12
Added Pin To Net: NetName=12V Pin=*?-13
Added Pin To Net: NetName=12V Pin=*?-13
Added Pin To Net: NetName=12V Pin=*?-13
Added Pin To Net: NetName=12V Pin=*?-13
Added Pin To Net: NetName=H1 Pin=*?-13
Added Pin To Net: NetName=M32 Pin=*?-13
Added Pin To Net: NetName=EN5B Pin=*?-14
Added Pin To Net: NetName=GND Pin=*?-14
Added Pin To Net: NetName=GND Pin=*?-14
Added Pin To Net: NetName=GND Pin=*?-14
Added Pin To Net: NetName=GND Pin=*?-14
Added Pin To Net: NetName=GND Pin=*?-14
Added Pin To Net: NetName=H2 Pin=*?-14
Added Pin To Net: NetName=M41 Pin=*?-14
Added Pin To Net: NetName=5V Pin=*?-15
Added Pin To Net: NetName=H3 Pin=*?-15
Added Pin To Net: NetName=M42 Pin=*?-15
Added Pin To Net: NetName=ESPT Pin=*?-16
Added Pin To Net: NetName=H4 Pin=*?-16
Added Pin To Net: NetName=EN6B Pin=*?-17
Added Pin To Net: NetName=H5 Pin=*?-17
Added Pin To Net: NetName=PWM1 Pin=*?-17
Added Pin To Net: NetName=GND Pin=*?-18
Added Pin To Net: NetName=H6 Pin=*?-18
Added Pin To Net: NetName=PWM2 Pin=*?-18
Added Pin To Net: NetName=5V Pin=*?-19
Added Pin To Net: NetName=H7 Pin=*?-19
Added Pin To Net: NetName=PWM3 Pin=*?-19
Added Pin To Net: NetName=GND Pin=*?-20
Added Pin To Net: NetName=H8 Pin=*?-20
Added Pin To Net: NetName=H9 Pin=*?-21
Added Pin To Net: NetName=M51 Pin=*?-21
Added Pin To Net: NetName=WATER1 Pin=*?-21
Added Pin To Net: NetName=GND Pin=*?-22
Added Pin To Net: NetName=H10 Pin=*?-22
Added Pin To Net: NetName=M52 Pin=*?-22
Added Pin To Net: NetName=3V3 Pin=*?-23
Added Pin To Net: NetName=5V Pin=*?-23
Added Pin To Net: NetName=M61 Pin=*?-23
Added Pin To Net: NetName=3V3 Pin=*?-24
Added Pin To Net: NetName=GND Pin=*?-24
Added Pin To Net: NetName=M62 Pin=*?-24
Added Pin To Net: NetName=GND Pin=*?-25
Added Pin To Net: NetName=GND Pin=*?-25
Added Pin To Net: NetName=EN1A Pin=*?-26
Added Pin To Net: NetName=ESPR Pin=*?-27
Added Pin To Net: NetName=ESPT Pin=*?-28
Added Pin To Net: NetName=HT Pin=*?-28
Added Pin To Net: NetName=EN2B Pin=*?-29
Added Pin To Net: NetName=GND Pin=*?-29
Added Pin To Net: NetName=401R Pin=*?-31
Added Pin To Net: NetName=EN4A Pin=*?-31
Added Pin To Net: NetName=401T Pin=*?-32
Added Pin To Net: NetName=EN4B Pin=*?-32
Added Pin To Net: NetName=401R Pin=*?-33
Added Pin To Net: NetName=EN3A Pin=*?-35
Added Pin To Net: NetName=EN5A Pin=*?-36
Added Pin To Net: NetName=ESPR Pin=*?-38
Added Pin To Net: NetName=GND Pin=*?-38
Added Pin To Net: NetName=3V3 Pin=*?-39
Added Pin To Net: NetName=EN6A Pin=*?-39
Added Pin To Net: NetName=GND Pin=*?-40
Added Pin To Net: NetName=EN3B Pin=*?-41
Added Pin To Net: NetName=WATER2 Pin=*?-42
Added Pin To Net: NetName=Net*?_45 Pin=*?-45
Added Pin To Net: NetName=Net*?_45 Pin=*?-46
Added Pin To Net: NetName=Net*?_45 Pin=*?-47
Added Net: Name=Net*?_45
Added Pin To Net: NetName=Net*?_48 Pin=*?-48
Added Pin To Net: NetName=Net*?_48 Pin=*?-49
Added Pin To Net: NetName=Net*?_48 Pin=*?-50
Added Net: Name=Net*?_48
Added Member To Class: ClassName=Sheet1 Member=Component *1 PIN_HEADER
Added Member To Class: ClassName=Sheet1 Member=Component *2 POWER_HEADER
Added Member To Class: ClassName=Sheet1 Member=Component *3 SWITCH
Added Member To Class: ClassName=Sheet1 Member=Component *4 WATER_MOTER
Added Member To Class: ClassName=Sheet1 Member=Component *5 A4950
Added Member To Class: ClassName=Sheet1 Member=Component *6 A4950
Added Member To Class: ClassName=Sheet1 Member=Component *7 A4950
Added Member To Class: ClassName=Sheet1 Member=Component *8 A4950
Added Member To Class: ClassName=Sheet1 Member=Component *9 POWER
Added Member To Class: ClassName=Sheet1 Member=Component *10 HC-06
Added Member To Class: ClassName=Sheet1 Member=Component *11 DC-DC
Added Member To Class: ClassName=Sheet1 Member=Component *12 ENCODER4
Added Member To Class: ClassName=Sheet1 Member=Component *13 ENCODER5
Added Member To Class: ClassName=Sheet1 Member=Component *14 ENCODER6
Added Member To Class: ClassName=Sheet1 Member=Component *15 ENCODER1
Added Member To Class: ClassName=Sheet1 Member=Component *16 ENCODER2
Added Member To Class: ClassName=Sheet1 Member=Component *17 ENCODER3
Added Member To Class: ClassName=Sheet1 Member=Component *19 STM32F407ÓÒ
Added Member To Class: ClassName=Sheet1 Member=Component *20 STM32F407×ó
Added Member To Class: ClassName=Sheet1 Member=Component *21 PWM1
Added Member To Class: ClassName=Sheet1 Member=Component *22 STM32F401
Added Member To Class: ClassName=Sheet1 Member=Component *23 ESP8266
Added Member To Class: ClassName=Sheet1 Member=Component *24 PWM2
Added Member To Class: ClassName=Sheet1 Member=Component *25 PWM3
Added Member To Class: ClassName=Sheet2 Member=Component *? A4950
Added Member To Class: ClassName=Sheet2 Member=Component *? A4950
Added Member To Class: ClassName=Sheet2 Member=Component *? DC-DC
Added Member To Class: ClassName=Sheet2 Member=Component *? ENCODER3
Added Member To Class: ClassName=Sheet2 Member=Component *? ENCODER6
Added Member To Class: ClassName=Sheet2 Member=Component *? A4950
Added Member To Class: ClassName=Sheet2 Member=Component *? ENCODER4
Added Member To Class: ClassName=Sheet2 Member=Component *? PWM2
Added Member To Class: ClassName=Sheet2 Member=Component *? A4950
Added Member To Class: ClassName=Sheet2 Member=Component *? PWM1
Added Member To Class: ClassName=Sheet2 Member=Component *? HC-06
Added Member To Class: ClassName=Sheet2 Member=Component *? ENCODER5
Added Member To Class: ClassName=Sheet2 Member=Component *? PWM3
Added Member To Class: ClassName=Sheet2 Member=Component *? SWITCH
Added Member To Class: ClassName=Sheet2 Member=Component *? POWER_HEADER
Added Member To Class: ClassName=Sheet2 Member=Component *? POWER
Added Member To Class: ClassName=Sheet2 Member=Component *? WATER_MOTER
Added Member To Class: ClassName=Sheet2 Member=Component *? PIN_HEADER
Added Member To Class: ClassName=Sheet2 Member=Component *? ENCODER1
Added Member To Class: ClassName=Sheet2 Member=Component *? STM32F401
Added Member To Class: ClassName=Sheet2 Member=Component *? STM32F407×ó
Added Member To Class: ClassName=Sheet2 Member=Component *? STM32F407ÓÒ
Added Member To Class: ClassName=Sheet2 Member=Component *? ESP8266
Added Member To Class: ClassName=Sheet2 Member=Component *? ENCODER2
Added Room: Name=Sheet1
Added Room: Name=Sheet2
