Added Component: Designator=*1(A4950)
Add component. Clean all parameters for all variants
Added Component: Designator=*2(A4950)
Add component. Clean all parameters for all variants
Added Component: Designator=*3(A4950)
Add component. Clean all parameters for all variants
Added Component: Designator=*4(STM32F401CCU6)
Add component. Clean all parameters for all variants
Added Component: Designator=*5(PCBComponent_1)
Add component. Clean all parameters for all variants
Added Pin To Net: NetName=5V Pin=*1-3
Added Pin To Net: NetName=5V Pin=*1-12
Added Pin To Net: NetName=5V Pin=*2-3
Added Pin To Net: NetName=5V Pin=*2-12
Added Pin To Net: NetName=5V Pin=*3-3
Added Pin To Net: NetName=5V Pin=*3-12
Added Pin To Net: NetName=5V Pin=*4-19
Added Pin To Net: NetName=5V Pin=*5-27
Added Pin To Net: NetName=5V Pin=*5-28
Added Net: Name=5V
Added Pin To Net: NetName=12V Pin=*1-2
Added Pin To Net: NetName=12V Pin=*1-13
Added Pin To Net: NetName=12V Pin=*2-2
Added Pin To Net: NetName=12V Pin=*2-13
Added Pin To Net: NetName=12V Pin=*3-2
Added Pin To Net: NetName=12V Pin=*3-13
Added Pin To Net: NetName=12V Pin=*5-29
Added Pin To Net: NetName=12V Pin=*5-30
Added Pin To Net: NetName=12V Pin=*5-31
Added Pin To Net: NetName=12V Pin=*5-32
Added Pin To Net: NetName=12V Pin=*5-33
Added Pin To Net: NetName=12V Pin=*5-34
Added Net: Name=12V
Added Pin To Net: NetName=401R Pin=*4-31
Added Pin To Net: NetName=401R Pin=*5-25
Added Net: Name=401R
Added Pin To Net: NetName=401T Pin=*4-32
Added Pin To Net: NetName=401T Pin=*5-26
Added Net: Name=401T
Added Pin To Net: NetName=GND Pin=*1-1
Added Pin To Net: NetName=GND Pin=*1-14
Added Pin To Net: NetName=GND Pin=*2-1
Added Pin To Net: NetName=GND Pin=*2-14
Added Pin To Net: NetName=GND Pin=*3-1
Added Pin To Net: NetName=GND Pin=*3-14
Added Pin To Net: NetName=GND Pin=*4-18
Added Pin To Net: NetName=GND Pin=*4-20
Added Pin To Net: NetName=GND Pin=*4-38
Added Pin To Net: NetName=GND Pin=*4-40
Added Pin To Net: NetName=GND Pin=*5-35
Added Pin To Net: NetName=GND Pin=*5-36
Added Pin To Net: NetName=GND Pin=*5-37
Added Pin To Net: NetName=GND Pin=*5-38
Added Pin To Net: NetName=GND Pin=*5-39
Added Pin To Net: NetName=GND Pin=*5-40
Added Net: Name=GND
Added Pin To Net: NetName=M11 Pin=*1-4
Added Pin To Net: NetName=M11 Pin=*4-6
Added Net: Name=M11
Added Pin To Net: NetName=M12 Pin=*1-5
Added Pin To Net: NetName=M12 Pin=*4-7
Added Net: Name=M12
Added Pin To Net: NetName=M21 Pin=*1-10
Added Pin To Net: NetName=M21 Pin=*4-8
Added Net: Name=M21
Added Pin To Net: NetName=M22 Pin=*1-11
Added Pin To Net: NetName=M22 Pin=*4-9
Added Net: Name=M22
Added Pin To Net: NetName=M31 Pin=*2-4
Added Pin To Net: NetName=M31 Pin=*4-12
Added Net: Name=M31
Added Pin To Net: NetName=M32 Pin=*2-5
Added Pin To Net: NetName=M32 Pin=*4-13
Added Net: Name=M32
Added Pin To Net: NetName=M41 Pin=*3-10
Added Pin To Net: NetName=M41 Pin=*4-14
Added Net: Name=M41
Added Pin To Net: NetName=M42 Pin=*3-11
Added Pin To Net: NetName=M42 Pin=*4-15
Added Net: Name=M42
Added Pin To Net: NetName=M51 Pin=*3-4
Added Pin To Net: NetName=M51 Pin=*4-21
Added Net: Name=M51
Added Pin To Net: NetName=M52 Pin=*3-5
Added Pin To Net: NetName=M52 Pin=*4-22
Added Net: Name=M52
Added Pin To Net: NetName=M61 Pin=*2-10
Added Pin To Net: NetName=M61 Pin=*4-23
Added Net: Name=M61
Added Pin To Net: NetName=M62 Pin=*2-11
Added Pin To Net: NetName=M62 Pin=*4-24
Added Net: Name=M62
Added Pin To Net: NetName=MO11 Pin=*1-8
Added Pin To Net: NetName=MO11 Pin=*5-1
Added Pin To Net: NetName=MO11 Pin=*5-2
Added Net: Name=MO11
Added Pin To Net: NetName=MO12 Pin=*1-9
Added Pin To Net: NetName=MO12 Pin=*5-3
Added Pin To Net: NetName=MO12 Pin=*5-4
Added Net: Name=MO12
Added Pin To Net: NetName=MO21 Pin=*1-6
Added Pin To Net: NetName=MO21 Pin=*5-5
Added Pin To Net: NetName=MO21 Pin=*5-6
Added Net: Name=MO21
Added Pin To Net: NetName=MO22 Pin=*1-7
Added Pin To Net: NetName=MO22 Pin=*5-7
Added Pin To Net: NetName=MO22 Pin=*5-8
Added Net: Name=MO22
Added Pin To Net: NetName=MO31 Pin=*2-8
Added Pin To Net: NetName=MO31 Pin=*5-9
Added Pin To Net: NetName=MO31 Pin=*5-10
Added Net: Name=MO31
Added Pin To Net: NetName=MO32 Pin=*2-9
Added Pin To Net: NetName=MO32 Pin=*5-11
Added Pin To Net: NetName=MO32 Pin=*5-12
Added Net: Name=MO32
Added Pin To Net: NetName=MO41 Pin=*3-6
Added Pin To Net: NetName=MO41 Pin=*5-13
Added Pin To Net: NetName=MO41 Pin=*5-14
Added Net: Name=MO41
Added Pin To Net: NetName=MO42 Pin=*3-7
Added Pin To Net: NetName=MO42 Pin=*5-15
Added Pin To Net: NetName=MO42 Pin=*5-16
Added Net: Name=MO42
Added Pin To Net: NetName=MO51 Pin=*3-8
Added Pin To Net: NetName=MO51 Pin=*5-17
Added Pin To Net: NetName=MO51 Pin=*5-18
Added Net: Name=MO51
Added Pin To Net: NetName=MO52 Pin=*3-9
Added Pin To Net: NetName=MO52 Pin=*5-19
Added Pin To Net: NetName=MO52 Pin=*5-20
Added Net: Name=MO52
Added Pin To Net: NetName=MO61 Pin=*2-6
Added Pin To Net: NetName=MO61 Pin=*5-21
Added Pin To Net: NetName=MO61 Pin=*5-22
Added Net: Name=MO61
Added Pin To Net: NetName=MO62 Pin=*2-7
Added Pin To Net: NetName=MO62 Pin=*5-23
Added Pin To Net: NetName=MO62 Pin=*5-24
Added Net: Name=MO62
Added Class: Name=Çý¶¯°åÔ­ÀíÍ¼
