Added Component: Designator=*16(PCBComponent_1)
Add component. Clean all parameters for all variants
Added Net: Name=3V3
Added Pin To Net: NetName=5V Pin=*16-27
Added Pin To Net: NetName=5V Pin=*16-28
Added Pin To Net: NetName=5V Pin=*16-29
Added Pin To Net: NetName=5V Pin=*16-30
Added Net: Name=5V
Added Net: Name=12V_IN
Added Pin To Net: NetName=12V Pin=*16-31
Added Pin To Net: NetName=12V Pin=*16-32
Added Pin To Net: NetName=12V Pin=*16-33
Added Pin To Net: NetName=12V Pin=*16-34
Added Pin To Net: NetName=12V Pin=*16-35
Added Net: Name=12V
Added Pin To Net: NetName=401R Pin=*16-25
Added Net: Name=401R
Added Pin To Net: NetName=401T Pin=*16-26
Added Net: Name=401T
Added Net: Name=EN1A
Added Net: Name=EN1B
Added Net: Name=EN2A
Added Net: Name=EN2B
Added Net: Name=EN3A
Added Net: Name=EN3B
Added Net: Name=EN4A
Added Net: Name=EN4B
Added Net: Name=EN5A
Added Net: Name=EN5B
Added Net: Name=EN6A
Added Net: Name=EN6B
Added Pin To Net: NetName=GND Pin=*16-36
Added Pin To Net: NetName=GND Pin=*16-37
Added Pin To Net: NetName=GND Pin=*16-38
Added Pin To Net: NetName=GND Pin=*16-39
Added Pin To Net: NetName=GND Pin=*16-40
Added Net: Name=GND
Added Net: Name=H1
Added Net: Name=H2
Added Net: Name=H3
Added Net: Name=H4
Added Net: Name=H5
Added Net: Name=H6
Added Net: Name=H7
Added Net: Name=H8
Added Net: Name=H9
Added Net: Name=H10
Added Net: Name=HR
Added Net: Name=HT
Added Pin To Net: NetName=MO11 Pin=*16-1
Added Pin To Net: NetName=MO11 Pin=*16-2
Added Net: Name=MO11
Added Pin To Net: NetName=MO12 Pin=*16-3
Added Pin To Net: NetName=MO12 Pin=*16-4
Added Net: Name=MO12
Added Pin To Net: NetName=MO21 Pin=*16-5
Added Pin To Net: NetName=MO21 Pin=*16-6
Added Net: Name=MO21
Added Pin To Net: NetName=MO22 Pin=*16-7
Added Pin To Net: NetName=MO22 Pin=*16-8
Added Net: Name=MO22
Added Pin To Net: NetName=MO31 Pin=*16-9
Added Pin To Net: NetName=MO31 Pin=*16-10
Added Net: Name=MO31
Added Pin To Net: NetName=MO32 Pin=*16-11
Added Pin To Net: NetName=MO32 Pin=*16-12
Added Net: Name=MO32
Added Pin To Net: NetName=MO41 Pin=*16-13
Added Pin To Net: NetName=MO41 Pin=*16-14
Added Net: Name=MO41
Added Pin To Net: NetName=MO42 Pin=*16-15
Added Pin To Net: NetName=MO42 Pin=*16-16
Added Net: Name=MO42
Added Pin To Net: NetName=MO51 Pin=*16-17
Added Pin To Net: NetName=MO51 Pin=*16-18
Added Net: Name=MO51
Added Pin To Net: NetName=MO52 Pin=*16-19
Added Pin To Net: NetName=MO52 Pin=*16-20
Added Net: Name=MO52
Added Pin To Net: NetName=MO61 Pin=*16-21
Added Pin To Net: NetName=MO61 Pin=*16-22
Added Net: Name=MO61
Added Pin To Net: NetName=MO62 Pin=*16-23
Added Pin To Net: NetName=MO62 Pin=*16-24
Added Net: Name=MO62
Added Net: Name=WATER1
Added Net: Name=WATER2
Added Net: Name=WATERO1
Added Net: Name=WATERO2
Added Class: Name=控制板原理图
Added Room: Name=控制板原理图
