Removed Pin From Net: NetName=MO11 Pin=*16-1
Removed Pin From Net: NetName=MO11 Pin=*16-2
Removed Pin From Net: NetName=MO12 Pin=*16-3
Removed Pin From Net: NetName=MO12 Pin=*16-4
Removed Pin From Net: NetName=MO21 Pin=*16-5
Removed Pin From Net: NetName=MO21 Pin=*16-6
Removed Pin From Net: NetName=MO22 Pin=*16-7
Removed Pin From Net: NetName=MO22 Pin=*16-8
Removed Pin From Net: NetName=MO31 Pin=*16-9
Removed Pin From Net: NetName=MO31 Pin=*16-10
Removed Pin From Net: NetName=MO32 Pin=*16-11
Removed Pin From Net: NetName=MO32 Pin=*16-12
Removed Pin From Net: NetName=MO41 Pin=*16-13
Removed Pin From Net: NetName=MO41 Pin=*16-14
Removed Pin From Net: NetName=MO42 Pin=*16-15
Removed Pin From Net: NetName=MO42 Pin=*16-16
Removed Pin From Net: NetName=MO51 Pin=*16-17
Removed Pin From Net: NetName=MO51 Pin=*16-18
Removed Pin From Net: NetName=MO52 Pin=*16-19
Removed Pin From Net: NetName=MO52 Pin=*16-20
Removed Pin From Net: NetName=MO61 Pin=*16-21
Removed Pin From Net: NetName=MO61 Pin=*16-22
Removed Pin From Net: NetName=MO62 Pin=*16-23
Removed Pin From Net: NetName=MO62 Pin=*16-24
Removed Pin From Net: NetName=401R Pin=*16-25
Removed Pin From Net: NetName=401T Pin=*16-26
Removed Pin From Net: NetName=5V Pin=*16-27
Removed Pin From Net: NetName=5V Pin=*16-28
Removed Pin From Net: NetName=12V Pin=*16-30
Removed Pin From Net: NetName=12V Pin=*16-31
Removed Pin From Net: NetName=12V Pin=*16-32
Removed Pin From Net: NetName=12V Pin=*16-33
Removed Pin From Net: NetName=12V Pin=*16-34
Removed Pin From Net: NetName=12V Pin=*16-35
Removed Pin From Net: NetName=GND Pin=*16-36
Removed Pin From Net: NetName=GND Pin=*16-37
Removed Pin From Net: NetName=GND Pin=*16-38
Removed Pin From Net: NetName=GND Pin=*16-39
Removed Pin From Net: NetName=GND Pin=*16-40
Removed Member From Class: ClassName=控制板原理图 Member=*16
Added Component: Designator=*(PCBComponent_1)
Add component. Clean all parameters for all variants
Added Pin To Net: NetName=MO11 Pin=*-1
Added Pin To Net: NetName=MO11 Pin=*-2
Added Pin To Net: NetName=MO12 Pin=*-3
Added Pin To Net: NetName=MO12 Pin=*-4
Added Pin To Net: NetName=MO21 Pin=*-5
Added Pin To Net: NetName=MO21 Pin=*-6
Added Pin To Net: NetName=MO22 Pin=*-7
Added Pin To Net: NetName=MO22 Pin=*-8
Added Pin To Net: NetName=MO31 Pin=*-9
Added Pin To Net: NetName=MO31 Pin=*-10
Added Pin To Net: NetName=MO32 Pin=*-11
Added Pin To Net: NetName=MO32 Pin=*-12
Added Pin To Net: NetName=MO41 Pin=*-13
Added Pin To Net: NetName=MO41 Pin=*-14
Added Pin To Net: NetName=MO42 Pin=*-15
Added Pin To Net: NetName=MO42 Pin=*-16
Added Pin To Net: NetName=MO51 Pin=*-17
Added Pin To Net: NetName=MO51 Pin=*-18
Added Pin To Net: NetName=MO52 Pin=*-19
Added Pin To Net: NetName=MO52 Pin=*-20
Added Pin To Net: NetName=MO61 Pin=*-21
Added Pin To Net: NetName=MO61 Pin=*-22
Added Pin To Net: NetName=MO62 Pin=*-23
Added Pin To Net: NetName=MO62 Pin=*-24
Added Pin To Net: NetName=401R Pin=*-25
Added Pin To Net: NetName=401T Pin=*-26
Added Pin To Net: NetName=5V Pin=*-27
Added Pin To Net: NetName=5V Pin=*-28
Added Pin To Net: NetName=12V Pin=*-29
Added Pin To Net: NetName=12V Pin=*-30
Added Pin To Net: NetName=12V Pin=*-31
Added Pin To Net: NetName=12V Pin=*-32
Added Pin To Net: NetName=12V Pin=*-33
Added Pin To Net: NetName=12V Pin=*-34
Added Pin To Net: NetName=GND Pin=*-35
Added Pin To Net: NetName=GND Pin=*-36
Added Pin To Net: NetName=GND Pin=*-37
Added Pin To Net: NetName=GND Pin=*-38
Added Pin To Net: NetName=GND Pin=*-39
Added Pin To Net: NetName=GND Pin=*-40
Added Member To Class: ClassName=控制板原理图 Member=Component * 40P
