Remove Pin=*1-1 From Net=H1
Remove Pin=*1-2 From Net=H2
Remove Pin=*1-3 From Net=H3
Remove Pin=*1-4 From Net=H4
Remove Pin=*1-5 From Net=H5
Remove Pin=*1-6 From Net=H6
Remove Pin=*1-7 From Net=H7
Remove Pin=*1-8 From Net=H8
Remove Pin=*1-9 From Net=H9
Remove Pin=*1-10 From Net=H10
Remove Pin=*2-1 From Net=5V
Remove Pin=*2-2 From Net=5V
Remove Pin=*2-3 From Net=3V3
Remove Pin=*2-4 From Net=3V3
Remove Pin=*3-1 From Net=12V_IN
Remove Pin=*3-2 From Net=12V
Remove Pin=*4-1 From Net=WATERO1
Remove Pin=*4-2 From Net=WATERO2
Remove Pin=*5-1 From Net=MO41
Remove Pin=*5-3 From Net=EN4B
Remove Pin=*5-4 From Net=EN4A
Remove Pin=*5-5 From Net=5V
Remove Pin=*5-6 From Net=MO42
Remove Pin=*6-1 From Net=MO51
Remove Pin=*6-3 From Net=EN5B
Remove Pin=*6-4 From Net=EN5A
Remove Pin=*6-5 From Net=5V
Remove Pin=*6-6 From Net=MO52
Remove Pin=*7-1 From Net=MO61
Remove Pin=*7-3 From Net=EN6B
Remove Pin=*7-4 From Net=EN6A
Remove Pin=*7-5 From Net=5V
Remove Pin=*7-6 From Net=MO62
Remove Pin=*8-1 From Net=MO11
Remove Pin=*8-3 From Net=EN1B
Remove Pin=*8-4 From Net=EN1A
Remove Pin=*8-5 From Net=5V
Remove Pin=*8-6 From Net=MO12
Remove Pin=*9-1 From Net=MO21
Remove Pin=*9-3 From Net=EN2B
Remove Pin=*9-4 From Net=EN2A
Remove Pin=*9-5 From Net=5V
Remove Pin=*9-6 From Net=MO22
Remove Pin=*10-1 From Net=MO31
Remove Pin=*10-3 From Net=EN3B
Remove Pin=*10-4 From Net=EN3A
Remove Pin=*10-5 From Net=5V
Remove Pin=*10-6 From Net=MO32
Remove Pin=*11-1 From Net=12V_IN
Remove Pin=*12-1 From Net=HR
Remove Pin=*12-2 From Net=HT
Remove Pin=*12-4 From Net=5V
Remove Pin=*13-1 From Net=3V3
Remove Pin=*13-5 From Net=EN1B
Remove Pin=*13-7 From Net=HR
Remove Pin=*13-14 From Net=EN5B
Remove Pin=*13-17 From Net=EN6B
Remove Pin=*13-21 From Net=WATER1
Remove Pin=*13-23 From Net=3V3
Remove Pin=*13-28 From Net=HT
Remove Pin=*13-31 From Net=EN4A
Remove Pin=*13-32 From Net=EN4B
Remove Pin=*13-36 From Net=EN5A
Remove Pin=*13-39 From Net=EN6A
Remove Pin=*13-42 From Net=WATER2
Remove Pin=*14-1 From Net=5V
Remove Pin=*14-2 From Net=3V3
Remove Pin=*14-6 From Net=EN2A
Remove Pin=*14-11 From Net=401T
Remove Pin=*14-13 From Net=H1
Remove Pin=*14-14 From Net=H2
Remove Pin=*14-15 From Net=H3
Remove Pin=*14-16 From Net=H4
Remove Pin=*14-17 From Net=H5
Remove Pin=*14-18 From Net=H6
Remove Pin=*14-19 From Net=H7
Remove Pin=*14-20 From Net=H8
Remove Pin=*14-21 From Net=H9
Remove Pin=*14-22 From Net=H10
Remove Pin=*14-23 From Net=5V
Remove Pin=*14-24 From Net=3V3
Remove Pin=*14-26 From Net=EN1A
Remove Pin=*14-29 From Net=EN2B
Remove Pin=*14-33 From Net=401R
Remove Pin=*14-35 From Net=EN3A
Remove Pin=*14-41 From Net=EN3B
Remove Pin=*15-3 From Net=12V
Remove Pin=*15-4 From Net=12V
Remove Pin=*15-7 From Net=5V
Remove Pin=*15-8 From Net=5V
Remove Pin=*17-2 From Net=12V
Remove Pin=*17-3 From Net=5V
Remove Pin=*17-4 From Net=WATER1
Remove Pin=*17-5 From Net=WATER2
Remove Pin=*17-8 From Net=WATERO1
Remove Pin=*17-9 From Net=WATERO2
Remove Pin=*17-12 From Net=5V
Remove Pin=*17-13 From Net=12V
